<?xml version="1.0" encoding="UTF-8"?>
<!-- Generated by org.testng.reporters.JUnitReportReporter -->
<testsuite hostname="Anand" name="com.pack.home.TestExecution.TestRun" tests="3" failures="0" timestamp="17 Nov 2018 07:52:37 GMT" time="3.776" errors="0">
  <testcase name="login" time="1.231" classname="com.pack.home.TestExecution.TestRun"/>
  <testcase name="logout" time="1.351" classname="com.pack.home.TestExecution.TestRun"/>
  <testcase name="logout1" time="1.194" classname="com.pack.home.TestExecution.TestRun"/>
</testsuite> <!-- com.pack.home.TestExecution.TestRun -->
